  1.1.cpp
  1.11.cpp
  1.2.cpp
  1.3.cpp
  1.4.cpp
  1.5.cpp
  1.6.cpp
  1.7.cpp
C:\Dev\learncpp\learncpp\1.7.cpp(5,9): warning C4101: 'value': unreferenced local variable
C:\Dev\learncpp\learncpp\1.7.cpp(7,9): warning C4101: 'Value': unreferenced local variable
C:\Dev\learncpp\learncpp\1.7.cpp(8,9): warning C4101: 'VALUE': unreferenced local variable
C:\Dev\learncpp\learncpp\1.7.cpp(20,9): warning C4101: 'MyVariableName': unreferenced local variable
C:\Dev\learncpp\learncpp\1.7.cpp(14,9): warning C4101: 'myVariableName': unreferenced local variable
C:\Dev\learncpp\learncpp\1.7.cpp(11,9): warning C4101: 'my_variable_name': unreferenced local variable
C:\Dev\learncpp\learncpp\1.7.cpp(9,9): warning C4101: 'VaLuE': unreferenced local variable
  1.8.cpp
  1.9.cpp
  1.10.cpp
  1.x.cpp
  2.10.cpp
  2.11.cpp
C:\Dev\learncpp\learncpp\2.11.cpp(47,14): warning C4083: expected 'newline'; found identifier 'is'
  2.2.cpp
  2.4.cpp
  2.6.cpp
  2.7.cpp
  2.8.cpp
  2.9.cpp
  Generating Code...
  Compiling...
  2.x.cpp
  io.cpp
  main.cpp
  2.1.cpp
  2.3.cpp
  test.cpp
  Generating Code...
  learncpp.vcxproj -> C:\Dev\learncpp\x64\Debug\learncpp.exe
